<html>
<head>
<title>TestNG:  Default test</title>
<link href="../testng.css" rel="stylesheet" type="text/css" />
<link href="../my-testng.css" rel="stylesheet" type="text/css" />

<style type="text/css">
.log { display: none;} 
.stack-trace { display: none;} 
</style>
<script type="text/javascript">
<!--
function flip(e) {
  current = e.style.display;
  if (current == 'block') {
    e.style.display = 'none';
    return 0;
  }
  else {
    e.style.display = 'block';
    return 1;
  }
}

function toggleBox(szDivId, elem, msg1, msg2)
{
  var res = -1;  if (document.getElementById) {
    res = flip(document.getElementById(szDivId));
  }
  else if (document.all) {
    // this is the way old msie versions work
    res = flip(document.all[szDivId]);
  }
  if(elem) {
    if(res == 0) elem.innerHTML = msg1; else elem.innerHTML = msg2;
  }

}

function toggleAllBoxes() {
  if (document.getElementsByTagName) {
    d = document.getElementsByTagName('div');
    for (i = 0; i < d.length; i++) {
      if (d[i].className == 'log') {
        flip(d[i]);
      }
    }
  }
}

// -->
</script>

</head>
<body>
<h2 align='center'>Default test</h2><table border='1' align="center">
<tr>
<td>Tests passed/Failed/Skipped:</td><td>11/1/0</td>
</tr><tr>
<td>Started on:</td><td>Mon Sep 11 22:49:49 IST 2023</td>
</tr>
<tr><td>Total time:</td><td>588 seconds (588949 ms)</td>
</tr><tr>
<td>Included groups:</td><td></td>
</tr><tr>
<td>Excluded groups:</td><td></td>
</tr>
</table><p/>
<small><i>(Hover the method name to see the test class name)</i></small><p/>
<table width='100%' border='1' class='invocation-failed'>
<tr><td colspan='4' align='center'><b>FAILED TESTS</b></td></tr>
<tr><td><b>Test method</b></td>
<td width="30%"><b>Exception</b></td>
<td width="10%"><b>Time (seconds)</b></td>
<td><b>Instance</b></td>
</tr>
<tr>
<td title='TestCases.TC_01_SignUp.testInvalidSignup()'><b>testInvalidSignup</b><br>Test class: TestCases.TC_01_SignUp</td>
<td><div><pre>java.lang.AssertionError: null
	at org.testng.Assert.fail(Assert.java:99)
	at org.testng.Assert.fail(Assert.java:106)
	at TestCases.TC_01_SignUp.testInvalidSignup(TC_01_SignUp.java:138)
	at sun.reflect.NativeMethodAccessorImpl.invoke0(Native Method)
	at sun.reflect.NativeMethodAccessorImpl.invoke(NativeMethodAccessorImpl.java:62)
	at sun.reflect.DelegatingMethodAccessorImpl.invoke(DelegatingMethodAccessorImpl.java:43)
	at java.lang.reflect.Method.invoke(Method.java:498)
	at org.testng.internal.MethodInvocationHelper.invokeMethod(MethodInvocationHelper.java:133)
	at org.testng.internal.TestInvoker.invokeMethod(TestInvoker.java:598)
	at org.testng.internal.TestInvoker.invokeTestMethod(TestInvoker.java:173)
	at org.testng.internal.MethodRunner.runInSequence(MethodRunner.java:46)
	at org.testng.internal.TestInvoker$MethodInvocationAgent.invoke(TestInvoker.java:824)
	at org.testng.internal.TestInvoker.invokeTestMethods(TestInvoker.java:146)
	at org.testng.internal.TestMethodWorker.invokeTestMethods(TestMethodWorker.java:146)
	at org.testng.internal.TestMethodWorker.run(TestMethodWorker.java:128)
	at java.util.ArrayList.forEach(ArrayList.java:1257)
	at org.testng.TestRunner.privateRun(TestRunner.java:794)
	at org.testng.TestRunner.run(TestRunner.java:596)
	at org.testng.SuiteRunner.runTest(SuiteRunner.java:377)
	at org.testng.SuiteRunner.runSequentially(SuiteRunner.java:371)
	at org.testng.SuiteRunner.privateRun(SuiteRunner.java:332)
	at org.testng.SuiteRunner.run(SuiteRunner.java:276)
	at org.testng.SuiteRunnerWorker.runSuite(SuiteRunnerWorker.java:53)
	at org.testng.SuiteRunnerWorker.run(SuiteRunnerWorker.java:96)
	at org.testng.TestNG.runSuitesSequentially(TestNG.java:1212)
	at org.testng.TestNG.runSuitesLocally(TestNG.java:1134)
	at org.testng.TestNG.runSuites(TestNG.java:1063)
	at org.testng.TestNG.run(TestNG.java:1031)
	at org.testng.remote.AbstractRemoteTestNG.run(AbstractRemoteTestNG.java:115)
	at org.testng.remote.RemoteTestNG.initAndRun(RemoteTestNG.java:251)
	at org.testng.remote.RemoteTestNG.main(RemoteTestNG.java:77)
</pre></div><a href='#' onClick='toggleBox("stack-trace653515020", this, "Click to show all stack frames", "Click to hide stack frames")'>Click to show all stack frames</a>
<div class='stack-trace' id='stack-trace653515020'><pre>java.lang.AssertionError: null
	at org.testng.Assert.fail(Assert.java:99)
	at org.testng.Assert.fail(Assert.java:106)
	at TestCases.TC_01_SignUp.testInvalidSignup(TC_01_SignUp.java:138)
	at sun.reflect.NativeMethodAccessorImpl.invoke0(Native Method)
	at sun.reflect.NativeMethodAccessorImpl.invoke(NativeMethodAccessorImpl.java:62)
	at sun.reflect.DelegatingMethodAccessorImpl.invoke(DelegatingMethodAccessorImpl.java:43)
	at java.lang.reflect.Method.invoke(Method.java:498)
	at org.testng.internal.MethodInvocationHelper.invokeMethod(MethodInvocationHelper.java:133)
	at org.testng.internal.TestInvoker.invokeMethod(TestInvoker.java:598)
	at org.testng.internal.TestInvoker.invokeTestMethod(TestInvoker.java:173)
	at org.testng.internal.MethodRunner.runInSequence(MethodRunner.java:46)
	at org.testng.internal.TestInvoker$MethodInvocationAgent.invoke(TestInvoker.java:824)
	at org.testng.internal.TestInvoker.invokeTestMethods(TestInvoker.java:146)
	at org.testng.internal.TestMethodWorker.invokeTestMethods(TestMethodWorker.java:146)
	at org.testng.internal.TestMethodWorker.run(TestMethodWorker.java:128)
	at java.util.ArrayList.forEach(ArrayList.java:1257)
	at org.testng.TestRunner.privateRun(TestRunner.java:794)
	at org.testng.TestRunner.run(TestRunner.java:596)
	at org.testng.SuiteRunner.runTest(SuiteRunner.java:377)
	at org.testng.SuiteRunner.runSequentially(SuiteRunner.java:371)
	at org.testng.SuiteRunner.privateRun(SuiteRunner.java:332)
	at org.testng.SuiteRunner.run(SuiteRunner.java:276)
	at org.testng.SuiteRunnerWorker.runSuite(SuiteRunnerWorker.java:53)
	at org.testng.SuiteRunnerWorker.run(SuiteRunnerWorker.java:96)
	at org.testng.TestNG.runSuitesSequentially(TestNG.java:1212)
	at org.testng.TestNG.runSuitesLocally(TestNG.java:1134)
	at org.testng.TestNG.runSuites(TestNG.java:1063)
	at org.testng.TestNG.run(TestNG.java:1031)
	at org.testng.remote.AbstractRemoteTestNG.run(AbstractRemoteTestNG.java:115)
	at org.testng.remote.RemoteTestNG.initAndRun(RemoteTestNG.java:251)
	at org.testng.remote.RemoteTestNG.main(RemoteTestNG.java:77)
</pre></div></td>
<td>94</td>
<td>TestCases.TC_01_SignUp@2db7a79b</td></tr>
</table><p>
<table width='100%' border='1' class='invocation-passed'>
<tr><td colspan='4' align='center'><b>PASSED TESTS</b></td></tr>
<tr><td><b>Test method</b></td>
<td width="30%"><b>Exception</b></td>
<td width="10%"><b>Time (seconds)</b></td>
<td><b>Instance</b></td>
</tr>
<tr>
<td title='TestCases.TC_03_InvalidLoginAttempts.testWithInvalidPassword()'><b>testWithInvalidPassword</b><br>Test class: TestCases.TC_03_InvalidLoginAttempts</td>
<td></td>
<td>7</td>
<td>TestCases.TC_03_InvalidLoginAttempts@150c158</td></tr>
<tr>
<td title='TestCases.TC_03_InvalidLoginAttempts.testInvalidMobileNumber()'><b>testInvalidMobileNumber</b><br>Test class: TestCases.TC_03_InvalidLoginAttempts</td>
<td></td>
<td>6</td>
<td>TestCases.TC_03_InvalidLoginAttempts@150c158</td></tr>
<tr>
<td title='TestCases.TC_02_ValidLogin.testValidEmailLoginCredentials()'><b>testValidEmailLoginCredentials</b><br>Test class: TestCases.TC_02_ValidLogin</td>
<td></td>
<td>5</td>
<td>TestCases.TC_02_ValidLogin@2e3fc542</td></tr>
<tr>
<td title='TestCases.TC_04_OnewayFlightSearch.onewaySearchFlight()'><b>onewaySearchFlight</b><br>Test class: TestCases.TC_04_OnewayFlightSearch</td>
<td></td>
<td>9</td>
<td>TestCases.TC_04_OnewayFlightSearch@401e7803</td></tr>
<tr>
<td title='TestCases.TC_05_RoundTripFlightSearch.testRoundTrip()'><b>testRoundTrip</b><br>Test class: TestCases.TC_05_RoundTripFlightSearch</td>
<td></td>
<td>10</td>
<td>TestCases.TC_05_RoundTripFlightSearch@10dba097</td></tr>
<tr>
<td title='TestCases.TC_06_FlightSelection.testFlightSelection()'><b>testFlightSelection</b><br>Test class: TestCases.TC_06_FlightSelection</td>
<td></td>
<td>28</td>
<td>TestCases.TC_06_FlightSelection@1786f9d5</td></tr>
<tr>
<td title='TestCases.TC_02_ValidLogin.testValidMobileLogin()'><b>testValidMobileLogin</b><br>Test class: TestCases.TC_02_ValidLogin</td>
<td></td>
<td>7</td>
<td>TestCases.TC_02_ValidLogin@2e3fc542</td></tr>
<tr>
<td title='TestCases.TC_03_InvalidLoginAttempts.testWithEmptyCredentials()'><b>testWithEmptyCredentials</b><br>Test class: TestCases.TC_03_InvalidLoginAttempts</td>
<td></td>
<td>5</td>
<td>TestCases.TC_03_InvalidLoginAttempts@150c158</td></tr>
<tr>
<td title='TestCases.TC_07_FlightBookingWithPayment.testFlightBooking()'><b>testFlightBooking</b><br>Test class: TestCases.TC_07_FlightBookingWithPayment</td>
<td></td>
<td>81</td>
<td>TestCases.TC_07_FlightBookingWithPayment@704d6e83</td></tr>
<tr>
<td title='TestCases.TC_08_ValidationFields.testValidation()'><b>testValidation</b><br>Test class: TestCases.TC_08_ValidationFields</td>
<td></td>
<td>4</td>
<td>TestCases.TC_08_ValidationFields@43a0cee9</td></tr>
<tr>
<td title='TestCases.TC_03_InvalidLoginAttempts.testWithInvalidUsername()'><b>testWithInvalidUsername</b><br>Test class: TestCases.TC_03_InvalidLoginAttempts</td>
<td></td>
<td>8</td>
<td>TestCases.TC_03_InvalidLoginAttempts@150c158</td></tr>
</table><p>
</body>
</html>