<?xml version="1.0" encoding="UTF-8"?>
<testng-results skipped="0" failed="1" ignored="0" total="12" passed="11">
  <reporter-output>
  </reporter-output>
  <suite name="Default suite" duration-ms="588949" started-at="2023-09-11T22:49:49 IST" finished-at="2023-09-11T22:59:38 IST">
    <groups>
    </groups>
    <test name="Default test" duration-ms="588949" started-at="2023-09-11T22:49:49 IST" finished-at="2023-09-11T22:59:38 IST">
      <class name="TestCases.TC_08_ValidationFields">
        <test-method status="PASS" signature="launchBrowser(java.lang.String)[pri:0, instance:TestCases.TC_08_ValidationFields@43a0cee9]" name="launchBrowser" is-config="true" duration-ms="23957" started-at="2023-09-11T22:59:09 IST" finished-at="2023-09-11T22:59:33 IST">
          <params>
            <param index="0">
              <value>
                <![CDATA[chrome]]>
              </value>
            </param>
          </params>
          <reporter-output>
          </reporter-output>
        </test-method> <!-- launchBrowser -->
        <test-method status="PASS" signature="testValidation()[pri:0, instance:TestCases.TC_08_ValidationFields@43a0cee9]" name="testValidation" duration-ms="4468" started-at="2023-09-11T22:59:33 IST" finished-at="2023-09-11T22:59:37 IST">
          <reporter-output>
          </reporter-output>
        </test-method> <!-- testValidation -->
        <test-method status="PASS" signature="closeBrowser()[pri:0, instance:TestCases.TC_08_ValidationFields@43a0cee9]" name="closeBrowser" is-config="true" duration-ms="1004" started-at="2023-09-11T22:59:37 IST" finished-at="2023-09-11T22:59:38 IST">
          <reporter-output>
          </reporter-output>
        </test-method> <!-- closeBrowser -->
      </class> <!-- TestCases.TC_08_ValidationFields -->
      <class name="TestCases.TC_01_SignUp">
        <test-method status="PASS" signature="launchBrowser(java.lang.String)[pri:0, instance:TestCases.TC_01_SignUp@2db7a79b]" name="launchBrowser" is-config="true" duration-ms="87814" started-at="2023-09-11T22:49:50 IST" finished-at="2023-09-11T22:51:18 IST">
          <params>
            <param index="0">
              <value>
                <![CDATA[chrome]]>
              </value>
            </param>
          </params>
          <reporter-output>
          </reporter-output>
        </test-method> <!-- launchBrowser -->
        <test-method status="FAIL" signature="testInvalidSignup()[pri:2, instance:TestCases.TC_01_SignUp@2db7a79b]" name="testInvalidSignup" duration-ms="94897" started-at="2023-09-11T22:51:18 IST" finished-at="2023-09-11T22:52:53 IST">
          <exception class="java.lang.AssertionError">
            <message>
              <![CDATA[null]]>
            </message>
            <full-stacktrace>
              <![CDATA[java.lang.AssertionError: null
at org.testng.Assert.fail(Assert.java:99)
at org.testng.Assert.fail(Assert.java:106)
at TestCases.TC_01_SignUp.testInvalidSignup(TC_01_SignUp.java:138)
at sun.reflect.NativeMethodAccessorImpl.invoke0(Native Method)
at sun.reflect.NativeMethodAccessorImpl.invoke(NativeMethodAccessorImpl.java:62)
at sun.reflect.DelegatingMethodAccessorImpl.invoke(DelegatingMethodAccessorImpl.java:43)
at java.lang.reflect.Method.invoke(Method.java:498)
at org.testng.internal.MethodInvocationHelper.invokeMethod(MethodInvocationHelper.java:133)
at org.testng.internal.TestInvoker.invokeMethod(TestInvoker.java:598)
at org.testng.internal.TestInvoker.invokeTestMethod(TestInvoker.java:173)
at org.testng.internal.MethodRunner.runInSequence(MethodRunner.java:46)
at org.testng.internal.TestInvoker$MethodInvocationAgent.invoke(TestInvoker.java:824)
at org.testng.internal.TestInvoker.invokeTestMethods(TestInvoker.java:146)
at org.testng.internal.TestMethodWorker.invokeTestMethods(TestMethodWorker.java:146)
at org.testng.internal.TestMethodWorker.run(TestMethodWorker.java:128)
at java.util.ArrayList.forEach(ArrayList.java:1257)
at org.testng.TestRunner.privateRun(TestRunner.java:794)
at org.testng.TestRunner.run(TestRunner.java:596)
at org.testng.SuiteRunner.runTest(SuiteRunner.java:377)
at org.testng.SuiteRunner.runSequentially(SuiteRunner.java:371)
at org.testng.SuiteRunner.privateRun(SuiteRunner.java:332)
at org.testng.SuiteRunner.run(SuiteRunner.java:276)
at org.testng.SuiteRunnerWorker.runSuite(SuiteRunnerWorker.java:53)
at org.testng.SuiteRunnerWorker.run(SuiteRunnerWorker.java:96)
at org.testng.TestNG.runSuitesSequentially(TestNG.java:1212)
at org.testng.TestNG.runSuitesLocally(TestNG.java:1134)
at org.testng.TestNG.runSuites(TestNG.java:1063)
at org.testng.TestNG.run(TestNG.java:1031)
at org.testng.remote.AbstractRemoteTestNG.run(AbstractRemoteTestNG.java:115)
at org.testng.remote.RemoteTestNG.initAndRun(RemoteTestNG.java:251)
at org.testng.remote.RemoteTestNG.main(RemoteTestNG.java:77)
]]>
            </full-stacktrace>
          </exception> <!-- java.lang.AssertionError -->
          <reporter-output>
          </reporter-output>
        </test-method> <!-- testInvalidSignup -->
        <test-method status="PASS" signature="closeBrowser()[pri:0, instance:TestCases.TC_01_SignUp@2db7a79b]" name="closeBrowser" is-config="true" duration-ms="1749" started-at="2023-09-11T22:52:53 IST" finished-at="2023-09-11T22:52:55 IST">
          <reporter-output>
          </reporter-output>
        </test-method> <!-- closeBrowser -->
      </class> <!-- TestCases.TC_01_SignUp -->
      <class name="TestCases.TC_06_FlightSelection">
        <test-method status="PASS" signature="launchBrowser(java.lang.String)[pri:0, instance:TestCases.TC_06_FlightSelection@1786f9d5]" name="launchBrowser" is-config="true" duration-ms="20328" started-at="2023-09-11T22:56:31 IST" finished-at="2023-09-11T22:56:51 IST">
          <params>
            <param index="0">
              <value>
                <![CDATA[chrome]]>
              </value>
            </param>
          </params>
          <reporter-output>
          </reporter-output>
        </test-method> <!-- launchBrowser -->
        <test-method status="PASS" signature="testFlightSelection()[pri:0, instance:TestCases.TC_06_FlightSelection@1786f9d5]" name="testFlightSelection" duration-ms="28202" started-at="2023-09-11T22:56:51 IST" finished-at="2023-09-11T22:57:19 IST">
          <reporter-output>
          </reporter-output>
        </test-method> <!-- testFlightSelection -->
        <test-method status="PASS" signature="closeBrowser()[pri:0, instance:TestCases.TC_06_FlightSelection@1786f9d5]" name="closeBrowser" is-config="true" duration-ms="1104" started-at="2023-09-11T22:57:19 IST" finished-at="2023-09-11T22:57:21 IST">
          <reporter-output>
          </reporter-output>
        </test-method> <!-- closeBrowser -->
      </class> <!-- TestCases.TC_06_FlightSelection -->
      <class name="TestCases.TC_03_InvalidLoginAttempts">
        <test-method status="PASS" signature="launchBrowser(java.lang.String)[pri:0, instance:TestCases.TC_03_InvalidLoginAttempts@150c158]" name="launchBrowser" is-config="true" duration-ms="16802" started-at="2023-09-11T22:53:46 IST" finished-at="2023-09-11T22:54:03 IST">
          <params>
            <param index="0">
              <value>
                <![CDATA[chrome]]>
              </value>
            </param>
          </params>
          <reporter-output>
          </reporter-output>
        </test-method> <!-- launchBrowser -->
        <test-method status="PASS" signature="testWithInvalidUsername()[pri:1, instance:TestCases.TC_03_InvalidLoginAttempts@150c158]" name="testWithInvalidUsername" duration-ms="8963" started-at="2023-09-11T22:54:03 IST" finished-at="2023-09-11T22:54:12 IST">
          <reporter-output>
          </reporter-output>
        </test-method> <!-- testWithInvalidUsername -->
        <test-method status="PASS" signature="closeBrowser()[pri:0, instance:TestCases.TC_03_InvalidLoginAttempts@150c158]" name="closeBrowser" is-config="true" duration-ms="3578" started-at="2023-09-11T22:54:12 IST" finished-at="2023-09-11T22:54:16 IST">
          <reporter-output>
          </reporter-output>
        </test-method> <!-- closeBrowser -->
        <test-method status="PASS" signature="launchBrowser(java.lang.String)[pri:0, instance:TestCases.TC_03_InvalidLoginAttempts@150c158]" name="launchBrowser" is-config="true" duration-ms="21658" started-at="2023-09-11T22:54:16 IST" finished-at="2023-09-11T22:54:37 IST">
          <params>
            <param index="0">
              <value>
                <![CDATA[chrome]]>
              </value>
            </param>
          </params>
          <reporter-output>
          </reporter-output>
        </test-method> <!-- launchBrowser -->
        <test-method status="PASS" signature="testWithInvalidPassword()[pri:2, instance:TestCases.TC_03_InvalidLoginAttempts@150c158]" name="testWithInvalidPassword" duration-ms="7665" started-at="2023-09-11T22:54:37 IST" finished-at="2023-09-11T22:54:45 IST">
          <reporter-output>
          </reporter-output>
        </test-method> <!-- testWithInvalidPassword -->
        <test-method status="PASS" signature="closeBrowser()[pri:0, instance:TestCases.TC_03_InvalidLoginAttempts@150c158]" name="closeBrowser" is-config="true" duration-ms="1306" started-at="2023-09-11T22:54:45 IST" finished-at="2023-09-11T22:54:46 IST">
          <reporter-output>
          </reporter-output>
        </test-method> <!-- closeBrowser -->
        <test-method status="PASS" signature="launchBrowser(java.lang.String)[pri:0, instance:TestCases.TC_03_InvalidLoginAttempts@150c158]" name="launchBrowser" is-config="true" duration-ms="15538" started-at="2023-09-11T22:54:46 IST" finished-at="2023-09-11T22:55:02 IST">
          <params>
            <param index="0">
              <value>
                <![CDATA[chrome]]>
              </value>
            </param>
          </params>
          <reporter-output>
          </reporter-output>
        </test-method> <!-- launchBrowser -->
        <test-method status="PASS" signature="testWithEmptyCredentials()[pri:3, instance:TestCases.TC_03_InvalidLoginAttempts@150c158]" name="testWithEmptyCredentials" duration-ms="5553" started-at="2023-09-11T22:55:02 IST" finished-at="2023-09-11T22:55:07 IST">
          <reporter-output>
          </reporter-output>
        </test-method> <!-- testWithEmptyCredentials -->
        <test-method status="PASS" signature="closeBrowser()[pri:0, instance:TestCases.TC_03_InvalidLoginAttempts@150c158]" name="closeBrowser" is-config="true" duration-ms="1017" started-at="2023-09-11T22:55:07 IST" finished-at="2023-09-11T22:55:08 IST">
          <reporter-output>
          </reporter-output>
        </test-method> <!-- closeBrowser -->
        <test-method status="PASS" signature="launchBrowser(java.lang.String)[pri:0, instance:TestCases.TC_03_InvalidLoginAttempts@150c158]" name="launchBrowser" is-config="true" duration-ms="14548" started-at="2023-09-11T22:55:08 IST" finished-at="2023-09-11T22:55:23 IST">
          <params>
            <param index="0">
              <value>
                <![CDATA[chrome]]>
              </value>
            </param>
          </params>
          <reporter-output>
          </reporter-output>
        </test-method> <!-- launchBrowser -->
        <test-method status="PASS" signature="testInvalidMobileNumber()[pri:4, instance:TestCases.TC_03_InvalidLoginAttempts@150c158]" name="testInvalidMobileNumber" duration-ms="6939" started-at="2023-09-11T22:55:23 IST" finished-at="2023-09-11T22:55:30 IST">
          <reporter-output>
          </reporter-output>
        </test-method> <!-- testInvalidMobileNumber -->
        <test-method status="PASS" signature="closeBrowser()[pri:0, instance:TestCases.TC_03_InvalidLoginAttempts@150c158]" name="closeBrowser" is-config="true" duration-ms="1324" started-at="2023-09-11T22:55:30 IST" finished-at="2023-09-11T22:55:31 IST">
          <reporter-output>
          </reporter-output>
        </test-method> <!-- closeBrowser -->
      </class> <!-- TestCases.TC_03_InvalidLoginAttempts -->
      <class name="TestCases.TC_02_ValidLogin">
        <test-method status="PASS" signature="launchBrowser(java.lang.String)[pri:0, instance:TestCases.TC_02_ValidLogin@2e3fc542]" name="launchBrowser" is-config="true" duration-ms="19993" started-at="2023-09-11T22:52:55 IST" finished-at="2023-09-11T22:53:15 IST">
          <params>
            <param index="0">
              <value>
                <![CDATA[chrome]]>
              </value>
            </param>
          </params>
          <reporter-output>
          </reporter-output>
        </test-method> <!-- launchBrowser -->
        <test-method status="PASS" signature="testValidEmailLoginCredentials()[pri:1, instance:TestCases.TC_02_ValidLogin@2e3fc542]" name="testValidEmailLoginCredentials" duration-ms="5796" started-at="2023-09-11T22:53:15 IST" finished-at="2023-09-11T22:53:21 IST">
          <reporter-output>
          </reporter-output>
        </test-method> <!-- testValidEmailLoginCredentials -->
        <test-method status="PASS" signature="closeBrowser()[pri:0, instance:TestCases.TC_02_ValidLogin@2e3fc542]" name="closeBrowser" is-config="true" duration-ms="1072" started-at="2023-09-11T22:53:21 IST" finished-at="2023-09-11T22:53:22 IST">
          <reporter-output>
          </reporter-output>
        </test-method> <!-- closeBrowser -->
        <test-method status="PASS" signature="launchBrowser(java.lang.String)[pri:0, instance:TestCases.TC_02_ValidLogin@2e3fc542]" name="launchBrowser" is-config="true" duration-ms="16491" started-at="2023-09-11T22:53:22 IST" finished-at="2023-09-11T22:53:38 IST">
          <params>
            <param index="0">
              <value>
                <![CDATA[chrome]]>
              </value>
            </param>
          </params>
          <reporter-output>
          </reporter-output>
        </test-method> <!-- launchBrowser -->
        <test-method status="PASS" signature="testValidMobileLogin()[pri:2, instance:TestCases.TC_02_ValidLogin@2e3fc542]" name="testValidMobileLogin" duration-ms="7103" started-at="2023-09-11T22:53:38 IST" finished-at="2023-09-11T22:53:45 IST">
          <reporter-output>
          </reporter-output>
        </test-method> <!-- testValidMobileLogin -->
        <test-method status="PASS" signature="closeBrowser()[pri:0, instance:TestCases.TC_02_ValidLogin@2e3fc542]" name="closeBrowser" is-config="true" duration-ms="1185" started-at="2023-09-11T22:53:45 IST" finished-at="2023-09-11T22:53:46 IST">
          <reporter-output>
          </reporter-output>
        </test-method> <!-- closeBrowser -->
      </class> <!-- TestCases.TC_02_ValidLogin -->
      <class name="TestCases.TC_05_RoundTripFlightSearch">
        <test-method status="PASS" signature="launchBrowser(java.lang.String)[pri:0, instance:TestCases.TC_05_RoundTripFlightSearch@10dba097]" name="launchBrowser" is-config="true" duration-ms="20124" started-at="2023-09-11T22:55:59 IST" finished-at="2023-09-11T22:56:19 IST">
          <params>
            <param index="0">
              <value>
                <![CDATA[chrome]]>
              </value>
            </param>
          </params>
          <reporter-output>
          </reporter-output>
        </test-method> <!-- launchBrowser -->
        <test-method status="PASS" signature="testRoundTrip()[pri:0, instance:TestCases.TC_05_RoundTripFlightSearch@10dba097]" name="testRoundTrip" duration-ms="10985" started-at="2023-09-11T22:56:19 IST" finished-at="2023-09-11T22:56:30 IST">
          <reporter-output>
          </reporter-output>
        </test-method> <!-- testRoundTrip -->
        <test-method status="PASS" signature="closeBrowser()[pri:0, instance:TestCases.TC_05_RoundTripFlightSearch@10dba097]" name="closeBrowser" is-config="true" duration-ms="1041" started-at="2023-09-11T22:56:30 IST" finished-at="2023-09-11T22:56:31 IST">
          <reporter-output>
          </reporter-output>
        </test-method> <!-- closeBrowser -->
      </class> <!-- TestCases.TC_05_RoundTripFlightSearch -->
      <class name="TestCases.TC_04_OnewayFlightSearch">
        <test-method status="PASS" signature="launchBrowser(java.lang.String)[pri:0, instance:TestCases.TC_04_OnewayFlightSearch@401e7803]" name="launchBrowser" is-config="true" duration-ms="17184" started-at="2023-09-11T22:55:31 IST" finished-at="2023-09-11T22:55:48 IST">
          <params>
            <param index="0">
              <value>
                <![CDATA[chrome]]>
              </value>
            </param>
          </params>
          <reporter-output>
          </reporter-output>
        </test-method> <!-- launchBrowser -->
        <test-method status="PASS" signature="onewaySearchFlight()[pri:0, instance:TestCases.TC_04_OnewayFlightSearch@401e7803]" name="onewaySearchFlight" duration-ms="9087" started-at="2023-09-11T22:55:48 IST" finished-at="2023-09-11T22:55:58 IST">
          <reporter-output>
          </reporter-output>
        </test-method> <!-- onewaySearchFlight -->
        <test-method status="PASS" signature="closeBrowser()[pri:0, instance:TestCases.TC_04_OnewayFlightSearch@401e7803]" name="closeBrowser" is-config="true" duration-ms="1168" started-at="2023-09-11T22:55:58 IST" finished-at="2023-09-11T22:55:59 IST">
          <reporter-output>
          </reporter-output>
        </test-method> <!-- closeBrowser -->
      </class> <!-- TestCases.TC_04_OnewayFlightSearch -->
      <class name="TestCases.TC_07_FlightBookingWithPayment">
        <test-method status="PASS" signature="launchBrowser(java.lang.String)[pri:0, instance:TestCases.TC_07_FlightBookingWithPayment@704d6e83]" name="launchBrowser" is-config="true" duration-ms="24402" started-at="2023-09-11T22:57:21 IST" finished-at="2023-09-11T22:57:45 IST">
          <params>
            <param index="0">
              <value>
                <![CDATA[chrome]]>
              </value>
            </param>
          </params>
          <reporter-output>
          </reporter-output>
        </test-method> <!-- launchBrowser -->
        <test-method status="PASS" signature="testFlightBooking()[pri:0, instance:TestCases.TC_07_FlightBookingWithPayment@704d6e83]" name="testFlightBooking" duration-ms="81698" started-at="2023-09-11T22:57:45 IST" finished-at="2023-09-11T22:59:07 IST">
          <reporter-output>
          </reporter-output>
        </test-method> <!-- testFlightBooking -->
        <test-method status="PASS" signature="closeBrowser()[pri:0, instance:TestCases.TC_07_FlightBookingWithPayment@704d6e83]" name="closeBrowser" is-config="true" duration-ms="2085" started-at="2023-09-11T22:59:07 IST" finished-at="2023-09-11T22:59:09 IST">
          <reporter-output>
          </reporter-output>
        </test-method> <!-- closeBrowser -->
      </class> <!-- TestCases.TC_07_FlightBookingWithPayment -->
    </test> <!-- Default test -->
  </suite> <!-- Default suite -->
</testng-results>
